<?xml version="1.0" encoding="UTF-8"?>
<testsuite name="practice_thymeleaf.kopring_prac1.service.MemberServiceIntegrationTest" tests="3" skipped="0" failures="0" errors="0" timestamp="2024-05-29T16:55:48" hostname="WIN-U9C7BM0APCT" time="0.766">
  <properties/>
  <testcase name="모든맴버찾기()" classname="practice_thymeleaf.kopring_prac1.service.MemberServiceIntegrationTest" time="0.738"/>
  <testcase name="ID로단일맴버찾기()" classname="practice_thymeleaf.kopring_prac1.service.MemberServiceIntegrationTest" time="0.011"/>
  <testcase name="회원가입()" classname="practice_thymeleaf.kopring_prac1.service.MemberServiceIntegrationTest" time="0.007"/>
  <system-out><![CDATA[01:55:46.937 [Test worker] INFO org.springframework.test.context.support.AnnotationConfigContextLoaderUtils -- Could not detect default configuration classes for test class [practice_thymeleaf.kopring_prac1.service.MemberServiceIntegrationTest]: MemberServiceIntegrationTest does not declare any static, non-private, non-final, nested classes annotated with @Configuration.
01:55:47.036 [Test worker] INFO org.springframework.boot.test.context.SpringBootTestContextBootstrapper -- Found @SpringBootConfiguration practice_thymeleaf.kopring_prac1.KopringPrac1Application for test class practice_thymeleaf.kopring_prac1.service.MemberServiceIntegrationTest
  .   ____          _            __ _ _
 /\\ / ___'_ __ _ _(_)_ __  __ _ \ \ \ \
( ( )\___ | '_ | '_| | '_ \/ _` | \ \ \ \
 \\/  ___)| |_)| | | | | || (_| |  ) ) ) )
  '  |____| .__|_| |_|_| |_\__, | / / / /
 =========|_|==============|___/=/_/_/_/

 :: Spring Boot ::                (v3.3.0)

2024-05-30T01:55:47.399+09:00  INFO 76084 --- [kopring_prac1] [    Test worker] p.k.s.MemberServiceIntegrationTest       : Starting MemberServiceIntegrationTest using Java 21.0.3 with PID 76084 (started by june in C:\Users\june\Desktop\kopring_workspace\kopring_practice)
2024-05-30T01:55:47.400+09:00  INFO 76084 --- [kopring_prac1] [    Test worker] p.k.s.MemberServiceIntegrationTest       : No active profile set, falling back to 1 default profile: "default"
2024-05-30T01:55:48.438+09:00  INFO 76084 --- [kopring_prac1] [    Test worker] o.s.b.a.w.s.WelcomePageHandlerMapping    : Adding welcome page: class path resource [static/index.html]
2024-05-30T01:55:48.721+09:00  INFO 76084 --- [kopring_prac1] [    Test worker] p.k.s.MemberServiceIntegrationTest       : Started MemberServiceIntegrationTest in 1.52 seconds (process running for 4.749)
2024-05-30T01:55:48.743+09:00  INFO 76084 --- [kopring_prac1] [    Test worker] com.zaxxer.hikari.HikariDataSource       : HikariPool-1 - Starting...
2024-05-30T01:55:48.813+09:00  INFO 76084 --- [kopring_prac1] [    Test worker] com.zaxxer.hikari.pool.HikariPool        : HikariPool-1 - Added connection conn0: url=jdbc:h2:tcp://localhost/~/test user=SA
2024-05-30T01:55:48.815+09:00  INFO 76084 --- [kopring_prac1] [    Test worker] com.zaxxer.hikari.HikariDataSource       : HikariPool-1 - Start completed.
]]></system-out>
  <system-err><![CDATA[WARNING: A Java agent has been loaded dynamically (C:\Users\june\.gradle\caches\modules-2\files-2.1\net.bytebuddy\byte-buddy-agent\1.14.16\4a451ee6484abac3a498df0f3b33ed00a6fced4d\byte-buddy-agent-1.14.16.jar)
WARNING: If a serviceability tool is in use, please run with -XX:+EnableDynamicAgentLoading to hide this warning
WARNING: If a serviceability tool is not in use, please run with -Djdk.instrument.traceUsage for more information
WARNING: Dynamic loading of agents will be disallowed by default in a future release
]]></system-err>
</testsuite>
