<?xml version="1.0" encoding="UTF-8"?>
<testsuite name="practice_thymeleaf.kopring_prac1.service.MemberServiceIntegrationTest" tests="1" skipped="0" failures="0" errors="0" timestamp="2024-05-29T21:31:30" hostname="WIN-U9C7BM0APCT" time="0.746">
  <properties/>
  <testcase name="모든맴버찾기()" classname="practice_thymeleaf.kopring_prac1.service.MemberServiceIntegrationTest" time="0.746"/>
  <system-out><![CDATA[06:31:26.883 [Test worker] INFO org.springframework.test.context.support.AnnotationConfigContextLoaderUtils -- Could not detect default configuration classes for test class [practice_thymeleaf.kopring_prac1.service.MemberServiceIntegrationTest]: MemberServiceIntegrationTest does not declare any static, non-private, non-final, nested classes annotated with @Configuration.
06:31:26.986 [Test worker] INFO org.springframework.boot.test.context.SpringBootTestContextBootstrapper -- Found @SpringBootConfiguration practice_thymeleaf.kopring_prac1.KopringPrac1Application for test class practice_thymeleaf.kopring_prac1.service.MemberServiceIntegrationTest
  .   ____          _            __ _ _
 /\\ / ___'_ __ _ _(_)_ __  __ _ \ \ \ \
( ( )\___ | '_ | '_| | '_ \/ _` | \ \ \ \
 \\/  ___)| |_)| | | | | || (_| |  ) ) ) )
  '  |____| .__|_| |_|_| |_\__, | / / / /
 =========|_|==============|___/=/_/_/_/

 :: Spring Boot ::                (v3.3.0)

2024-05-30T06:31:27.327+09:00  INFO 53352 --- [kopring_prac1] [    Test worker] p.k.s.MemberServiceIntegrationTest       : Starting MemberServiceIntegrationTest using Java 21.0.3 with PID 53352 (started by june in C:\Users\june\Desktop\kopring_workspace\kopring_practice)
2024-05-30T06:31:27.329+09:00  INFO 53352 --- [kopring_prac1] [    Test worker] p.k.s.MemberServiceIntegrationTest       : No active profile set, falling back to 1 default profile: "default"
2024-05-30T06:31:28.038+09:00  INFO 53352 --- [kopring_prac1] [    Test worker] .s.d.r.c.RepositoryConfigurationDelegate : Bootstrapping Spring Data JPA repositories in DEFAULT mode.
2024-05-30T06:31:28.055+09:00  INFO 53352 --- [kopring_prac1] [    Test worker] .s.d.r.c.RepositoryConfigurationDelegate : Finished Spring Data repository scanning in 11 ms. Found 0 JPA repository interfaces.
2024-05-30T06:31:28.407+09:00  INFO 53352 --- [kopring_prac1] [    Test worker] o.hibernate.jpa.internal.util.LogHelper  : HHH000204: Processing PersistenceUnitInfo [name: default]
2024-05-30T06:31:28.456+09:00  INFO 53352 --- [kopring_prac1] [    Test worker] org.hibernate.Version                    : HHH000412: Hibernate ORM core version 6.5.2.Final
2024-05-30T06:31:28.483+09:00  INFO 53352 --- [kopring_prac1] [    Test worker] o.h.c.internal.RegionFactoryInitiator    : HHH000026: Second-level cache disabled
2024-05-30T06:31:28.726+09:00  INFO 53352 --- [kopring_prac1] [    Test worker] o.s.o.j.p.SpringPersistenceUnitInfo      : No LoadTimeWeaver setup: ignoring JPA class transformer
2024-05-30T06:31:28.748+09:00  INFO 53352 --- [kopring_prac1] [    Test worker] com.zaxxer.hikari.HikariDataSource       : HikariPool-1 - Starting...
2024-05-30T06:31:28.808+09:00  INFO 53352 --- [kopring_prac1] [    Test worker] com.zaxxer.hikari.pool.HikariPool        : HikariPool-1 - Added connection conn0: url=jdbc:h2:tcp://localhost/~/test user=SA
2024-05-30T06:31:28.810+09:00  INFO 53352 --- [kopring_prac1] [    Test worker] com.zaxxer.hikari.HikariDataSource       : HikariPool-1 - Start completed.
2024-05-30T06:31:29.457+09:00  INFO 53352 --- [kopring_prac1] [    Test worker] o.h.e.t.j.p.i.JtaPlatformInitiator       : HHH000489: No JTA platform available (set 'hibernate.transaction.jta.platform' to enable JTA platform integration)
2024-05-30T06:31:29.460+09:00  INFO 53352 --- [kopring_prac1] [    Test worker] j.LocalContainerEntityManagerFactoryBean : Initialized JPA EntityManagerFactory for persistence unit 'default'
2024-05-30T06:31:29.645+09:00  WARN 53352 --- [kopring_prac1] [    Test worker] JpaBaseConfiguration$JpaWebConfiguration : spring.jpa.open-in-view is enabled by default. Therefore, database queries may be performed during view rendering. Explicitly configure spring.jpa.open-in-view to disable this warning
2024-05-30T06:31:29.671+09:00  INFO 53352 --- [kopring_prac1] [    Test worker] o.s.b.a.w.s.WelcomePageHandlerMapping    : Adding welcome page: class path resource [static/index.html]
2024-05-30T06:31:30.000+09:00  INFO 53352 --- [kopring_prac1] [    Test worker] p.k.s.MemberServiceIntegrationTest       : Started MemberServiceIntegrationTest in 2.856 seconds (process running for 6.788)
Hibernate: select m1_0.id,m1_0.name from member m1_0 where m1_0.name=?
Hibernate: insert into member (name,id) values (?,default)
Hibernate: select m1_0.id,m1_0.name from member m1_0 where m1_0.name=?
Hibernate: insert into member (name,id) values (?,default)
Hibernate: select m1_0.id,m1_0.name from member m1_0 where m1_0.name=?
Hibernate: insert into member (name,id) values (?,default)
Hibernate: select m1_0.id,m1_0.name from member m1_0
]]></system-out>
  <system-err><![CDATA[WARNING: A Java agent has been loaded dynamically (C:\Users\june\.gradle\caches\modules-2\files-2.1\net.bytebuddy\byte-buddy-agent\1.14.16\4a451ee6484abac3a498df0f3b33ed00a6fced4d\byte-buddy-agent-1.14.16.jar)
WARNING: If a serviceability tool is in use, please run with -XX:+EnableDynamicAgentLoading to hide this warning
WARNING: If a serviceability tool is not in use, please run with -Djdk.instrument.traceUsage for more information
WARNING: Dynamic loading of agents will be disallowed by default in a future release
]]></system-err>
</testsuite>
